\BOOKMARK [0][-]{chapter.1}{\376\377\0001\000\040\000R\000e\000g\000i\000s\000t\000e\000r\000\040\000t\000r\000i\000e\000d}{}% 1
\BOOKMARK [1][-]{section.1.1}{\376\377\0001\000.\0001\000\040\000Z\000o\000z\000n\000a\000m\000\040\000t\000r\000i\000e\000d}{chapter.1}% 2
\BOOKMARK [0][-]{chapter.2}{\376\377\0002\000\040\000R\000e\000g\000i\000s\000t\000e\000r\000\040\000s\000\372\000b\000o\000r\000o\000v}{}% 3
\BOOKMARK [1][-]{section.2.1}{\376\377\0002\000.\0001\000\040\000Z\000o\000z\000n\000a\000m\000\040\000s\000\372\000b\000o\000r\000o\000v}{chapter.2}% 4
\BOOKMARK [0][-]{chapter.3}{\376\377\0003\000\040\000D\000o\000k\000u\000m\000e\000n\000t\000\341\000c\000i\000a\000\040\000t\000r\000i\000e\000d}{}% 5
\BOOKMARK [1][-]{section.3.1}{\376\377\0003\000.\0001\000\040\000D\000o\000k\000u\000m\000e\000n\000t\000\341\000c\000i\000a\000\040\000t\000r\000i\000e\000d\000y\000\040\000H\000a\000x\000e\000e\000\137\000E\000S\000P\0003\0002\000\137\000H\000e\000l\000p\000e\000r}{chapter.3}% 6
\BOOKMARK [2][-]{subsection.3.1.1}{\376\377\0003\000.\0001\000.\0001\000\040\000D\000o\000k\000u\000m\000e\000n\000t\000\341\000c\000i\000a\000\040\000k\000\040\000m\000e\000t\000\363\000d\000a\000m}{section.3.1}% 7
\BOOKMARK [3][-]{subsubsection.3.1.1.1}{\376\377\0003\000.\0001\000.\0001\000.\0001\000\040\000e\000r\000r\000o\000r\000\050\000\051}{subsection.3.1.1}% 8
\BOOKMARK [3][-]{subsubsection.3.1.1.2}{\376\377\0003\000.\0001\000.\0001\000.\0002\000\040\000f\000o\000r\000m\000a\000t\000M\000e\000s\000s\000a\000g\000e\000\050\000\051}{subsection.3.1.1}% 9
\BOOKMARK [3][-]{subsubsection.3.1.1.3}{\376\377\0003\000.\0001\000.\0001\000.\0003\000\040\000s\000e\000t\000u\000p\000\050\000\051}{subsection.3.1.1}% 10
\BOOKMARK [3][-]{subsubsection.3.1.1.4}{\376\377\0003\000.\0001\000.\0001\000.\0004\000\040\000t\000i\000m\000e\000L\000o\000o\000p\000\050\000\051}{subsection.3.1.1}% 11
\BOOKMARK [1][-]{section.3.2}{\376\377\0003\000.\0002\000\040\000D\000o\000k\000u\000m\000e\000n\000t\000\341\000c\000i\000a\000\040\000t\000r\000i\000e\000d\000y\000\040\000H\000a\000x\000e\000e\000\137\000E\000S\000P\0003\0002\000\137\000L\000E\000D\000S\000t\000r\000i\000p\000e}{chapter.3}% 12
\BOOKMARK [2][-]{subsection.3.2.1}{\376\377\0003\000.\0002\000.\0001\000\040\000D\000o\000k\000u\000m\000e\000n\000t\000\341\000c\000i\000a\000\040\000k\000\040\000m\000e\000t\000\363\000d\000a\000m}{section.3.2}% 13
\BOOKMARK [3][-]{subsubsection.3.2.1.1}{\376\377\0003\000.\0002\000.\0001\000.\0001\000\040\000l\000i\000g\000h\000t\000E\000r\000r\000o\000r\000\050\000\051}{subsection.3.2.1}% 14
\BOOKMARK [3][-]{subsubsection.3.2.1.2}{\376\377\0003\000.\0002\000.\0001\000.\0002\000\040\000l\000i\000g\000h\000t\000I\000n\000f\000o\000\050\000\051}{subsection.3.2.1}% 15
\BOOKMARK [3][-]{subsubsection.3.2.1.3}{\376\377\0003\000.\0002\000.\0001\000.\0003\000\040\000l\000i\000g\000h\000t\000S\000u\000c\000c\000e\000s\000s\000\050\000\051}{subsection.3.2.1}% 16
\BOOKMARK [3][-]{subsubsection.3.2.1.4}{\376\377\0003\000.\0002\000.\0001\000.\0004\000\040\000s\000e\000t\000E\000r\000r\000o\000r\000\050\000\051}{subsection.3.2.1}% 17
\BOOKMARK [3][-]{subsubsection.3.2.1.5}{\376\377\0003\000.\0002\000.\0001\000.\0005\000\040\000s\000e\000t\000I\000n\000f\000o\000\050\000\051}{subsection.3.2.1}% 18
\BOOKMARK [3][-]{subsubsection.3.2.1.6}{\376\377\0003\000.\0002\000.\0001\000.\0006\000\040\000s\000e\000t\000S\000u\000c\000c\000e\000s\000s\000\050\000\051}{subsection.3.2.1}% 19
\BOOKMARK [3][-]{subsubsection.3.2.1.7}{\376\377\0003\000.\0002\000.\0001\000.\0007\000\040\000s\000e\000t\000u\000p\000\050\000\051}{subsection.3.2.1}% 20
\BOOKMARK [1][-]{section.3.3}{\376\377\0003\000.\0003\000\040\000D\000o\000k\000u\000m\000e\000n\000t\000\341\000c\000i\000a\000\040\000t\000r\000i\000e\000d\000y\000\040\000H\000a\000x\000e\000e\000\137\000E\000S\000P\0003\0002\000\137\000M\000F\000R\000C\0005\0002\0002}{chapter.3}% 21
\BOOKMARK [2][-]{subsection.3.3.1}{\376\377\0003\000.\0003\000.\0001\000\040\000D\000o\000k\000u\000m\000e\000n\000t\000\341\000c\000i\000a\000\040\000k\000\040\000m\000e\000t\000\363\000d\000a\000m}{section.3.3}% 22
\BOOKMARK [3][-]{subsubsection.3.3.1.1}{\376\377\0003\000.\0003\000.\0001\000.\0001\000\040\000r\000e\000a\000d\000C\000a\000r\000d\000\050\000\051}{subsection.3.3.1}% 23
\BOOKMARK [3][-]{subsubsection.3.3.1.2}{\376\377\0003\000.\0003\000.\0001\000.\0002\000\040\000s\000e\000t\000u\000p\000\050\000\051}{subsection.3.3.1}% 24
\BOOKMARK [1][-]{section.3.4}{\376\377\0003\000.\0004\000\040\000D\000o\000k\000u\000m\000e\000n\000t\000\341\000c\000i\000a\000\040\000t\000r\000i\000e\000d\000y\000\040\000H\000a\000x\000e\000e\000\137\000E\000S\000P\0003\0002\000\137\000M\000Q\000T\000T}{chapter.3}% 25
\BOOKMARK [2][-]{subsection.3.4.1}{\376\377\0003\000.\0004\000.\0001\000\040\000D\000o\000k\000u\000m\000e\000n\000t\000\341\000c\000i\000a\000\040\000k\000o\000n\001\141\000t\000r\000u\000k\000t\000o\000r\000u\000\040\000a\000\040\000d\000e\001\141\000t\000r\000u\000k\000t\000o\000r\000u}{section.3.4}% 26
\BOOKMARK [3][-]{subsubsection.3.4.1.1}{\376\377\0003\000.\0004\000.\0001\000.\0001\000\040\000H\000a\000x\000e\000e\000\137\000E\000S\000P\0003\0002\000\137\000M\000Q\000T\000T\000\050\000\051}{subsection.3.4.1}% 27
\BOOKMARK [2][-]{subsection.3.4.2}{\376\377\0003\000.\0004\000.\0002\000\040\000D\000o\000k\000u\000m\000e\000n\000t\000\341\000c\000i\000a\000\040\000k\000\040\000m\000e\000t\000\363\000d\000a\000m}{section.3.4}% 28
\BOOKMARK [3][-]{subsubsection.3.4.2.1}{\376\377\0003\000.\0004\000.\0002\000.\0001\000\040\000c\000a\000l\000l\000b\000a\000c\000k\000\050\000\051}{subsection.3.4.2}% 29
\BOOKMARK [3][-]{subsubsection.3.4.2.2}{\376\377\0003\000.\0004\000.\0002\000.\0002\000\040\000c\000l\000i\000e\000n\000t\000C\000o\000n\000n\000e\000c\000t\000e\000d\000\050\000\051}{subsection.3.4.2}% 30
\BOOKMARK [3][-]{subsubsection.3.4.2.3}{\376\377\0003\000.\0004\000.\0002\000.\0003\000\040\000c\000o\000n\000n\000e\000c\000t\000\050\000\051}{subsection.3.4.2}% 31
\BOOKMARK [3][-]{subsubsection.3.4.2.4}{\376\377\0003\000.\0004\000.\0002\000.\0004\000\040\000p\000u\000b\000l\000i\000s\000h\000\050\000\051}{subsection.3.4.2}% 32
\BOOKMARK [3][-]{subsubsection.3.4.2.5}{\376\377\0003\000.\0004\000.\0002\000.\0005\000\040\000s\000e\000t\000u\000p\000\050\000\051}{subsection.3.4.2}% 33
\BOOKMARK [3][-]{subsubsection.3.4.2.6}{\376\377\0003\000.\0004\000.\0002\000.\0006\000\040\000s\000e\000t\000u\000p\000\137\000w\000i\000f\000i\000\050\000\051}{subsection.3.4.2}% 34
\BOOKMARK [0][-]{chapter.4}{\376\377\0004\000\040\000D\000o\000k\000u\000m\000e\000n\000t\000\341\000c\000i\000a\000\040\000s\000\372\000b\000o\000r\000o\000v}{}% 35
\BOOKMARK [1][-]{section.4.1}{\376\377\0004\000.\0001\000\040\000H\000a\000x\000e\000e\000\137\000E\000S\000P\0003\0002\000\137\000H\000e\000l\000p\000e\000r\000.\000h}{chapter.4}% 36
\BOOKMARK [1][-]{section.4.2}{\376\377\0004\000.\0002\000\040\000H\000a\000x\000e\000e\000\137\000E\000S\000P\0003\0002\000\137\000L\000E\000D\000S\000t\000r\000i\000p\000e\000.\000h}{chapter.4}% 37
\BOOKMARK [1][-]{section.4.3}{\376\377\0004\000.\0003\000\040\000H\000a\000x\000e\000e\000\137\000E\000S\000P\0003\0002\000\137\000M\000F\000R\000C\0005\0002\0002\000.\000h}{chapter.4}% 38
\BOOKMARK [1][-]{section.4.4}{\376\377\0004\000.\0004\000\040\000H\000a\000x\000e\000e\000\137\000E\000S\000P\0003\0002\000\137\000M\000Q\000T\000T\000.\000h}{chapter.4}% 39
\BOOKMARK [0][-]{section*.9}{\376\377\000R\000e\000g\000i\000s\000t\000e\000r}{}% 40
